k:\homework2\homework2\debug\vc140.pdb
k:\homework2\homework2\debug\myform.obj
k:\homework2\homework2\debug\get_location.obj
k:\homework2\homework2\debug\.netframework,version=v4.5.2.assemblyattributes.obj
k:\homework2\homework2\debug\.netframework,version=v4.5.2.assemblyattributes.asm
k:\homework2\homework2\debug\homework2.myform.resources
k:\homework2\debug\homework2.exe
k:\homework2\debug\homework2.pdb
k:\homework2\homework2\debug\homework2.vcxproj.generateresource.cache
k:\homework2\homework2\debug\homework2.tlog\cl.command.1.tlog
k:\homework2\homework2\debug\homework2.tlog\cl.read.1.tlog
k:\homework2\homework2\debug\homework2.tlog\cl.write.1.tlog
k:\homework2\homework2\debug\homework2.tlog\homework2.write.1u.tlog
k:\homework2\homework2\debug\homework2.tlog\link.command.1.tlog
k:\homework2\homework2\debug\homework2.tlog\link.read.1.tlog
k:\homework2\homework2\debug\homework2.tlog\link.write.1.tlog
k:\homework2\homework2\debug\homework2.tlog\metagen.read.1.tlog
k:\homework2\homework2\debug\homework2.tlog\metagen.write.1.tlog
k:\homework2\homework2\debug\homework2.tlog\rsaenh.dll.bi
k:\homework2\homework2\debug\homework2.tlog\tzres.dll.bi
